<?xml version="1.0" encoding="UTF-8"?>
<!-- Generated by org.testng.reporters.JUnitReportReporter -->
<testsuite hostname="QA-01" failures="0" tests="1" name="com.w2a.testcases.BankManagerLoginTest" time="2.196" errors="0" timestamp="2020-02-10T10:51:35 EET" skipped="0">
  <testcase classname="com.w2a.testcases.BankManagerLoginTest" name="loginBankManager" time="2.196"/>
  <system-out/>
</testsuite> <!-- com.w2a.testcases.BankManagerLoginTest -->
