<?xml version="1.0" encoding="UTF-8"?>
<!-- Generated by org.testng.reporters.JUnitReportReporter -->
<testsuite hostname="QA-01" failures="0" tests="1" name="com.w2a.testcases.AddCustomerTest" time="0.000" errors="0" timestamp="09 Feb 2020 15:26:57 GMT" skipped="1">
  <testcase classname="com.w2a.testcases.AddCustomerTest" name="addCustomer" time="0.000">
    <skipped/>
  </testcase> <!-- addCustomer -->
</testsuite> <!-- com.w2a.testcases.AddCustomerTest -->
