<?xml version="1.0" encoding="UTF-8"?>
<!-- Generated by org.testng.reporters.JUnitReportReporter -->
<testsuite hostname="QA-01" failures="0" tests="1" name="com.w2a.testcases.AddCustomerTest" time="1.696" errors="0" timestamp="2020-02-10T13:10:30 EET" skipped="0">
  <testcase classname="com.w2a.testcases.AddCustomerTest" name="addCustomer" time="1.696"/>
  <system-out/>
</testsuite> <!-- com.w2a.testcases.AddCustomerTest -->
