<?xml version="1.0" encoding="UTF-8"?>
<!-- Generated by org.testng.reporters.JUnitReportReporter -->
<testsuite hostname="QA-01" failures="0" tests="1" name="com.w2a.testcases.BankManagerLoginTest" time="1.069" errors="0" timestamp="09 Feb 2020 15:26:57 GMT" skipped="0">
  <testcase classname="com.w2a.testcases.BankManagerLoginTest" name="loginBankManager" time="1.069"/>
</testsuite> <!-- com.w2a.testcases.BankManagerLoginTest -->
