<?xml version="1.0" encoding="UTF-8"?>
<!-- Generated by org.testng.reporters.JUnitReportReporter -->
<testsuite hostname="QA-01" failures="0" tests="1" name="com.w2a.testcases.LoginTest" time="1.066" errors="0" timestamp="2020-02-09T14:44:24 EET" skipped="0">
  <testcase classname="com.w2a.testcases.LoginTest" name="loginBankManager" time="1.066"/>
  <system-out/>
</testsuite> <!-- com.w2a.testcases.LoginTest -->
