<?xml version="1.0" encoding="UTF-8"?>
<testsuite xmlns:xsi="http://www.w3.org/2001/XMLSchema-instance" xsi:noNamespaceSchemaLocation="https://maven.apache.org/surefire/maven-surefire-plugin/xsd/surefire-test-report.xsd" name="TestSuite" time="25.669" tests="2" errors="0" skipped="0" failures="2">
  <properties>
    <property name="java.specification.version" value="13"/>
    <property name="sun.cpu.isalist" value="amd64"/>
    <property name="sun.jnu.encoding" value="Cp1252"/>
    <property name="java.class.path" value="C:\Users\m.yousaf\eclipse-workspace\DataDrivenFramework\target\test-classes;C:\Users\m.yousaf\eclipse-workspace\DataDrivenFramework\target\classes;C:\Users\m.yousaf\.m2\repository\org\testng\testng\7.1.0\testng-7.1.0.jar;C:\Users\m.yousaf\.m2\repository\com\beust\jcommander\1.72\jcommander-1.72.jar;C:\Users\m.yousaf\.m2\repository\com\google\inject\guice\4.1.0\guice-4.1.0-no_aop.jar;C:\Users\m.yousaf\.m2\repository\org\yaml\snakeyaml\1.21\snakeyaml-1.21.jar;C:\Users\m.yousaf\.m2\repository\org\seleniumhq\selenium\selenium-java\2.53.1\selenium-java-2.53.1.jar;C:\Users\m.yousaf\.m2\repository\org\seleniumhq\selenium\selenium-chrome-driver\2.53.1\selenium-chrome-driver-2.53.1.jar;C:\Users\m.yousaf\.m2\repository\org\seleniumhq\selenium\selenium-remote-driver\2.53.1\selenium-remote-driver-2.53.1.jar;C:\Users\m.yousaf\.m2\repository\cglib\cglib-nodep\2.1_3\cglib-nodep-2.1_3.jar;C:\Users\m.yousaf\.m2\repository\com\google\code\gson\gson\2.3.1\gson-2.3.1.jar;C:\Users\m.yousaf\.m2\repository\org\seleniumhq\selenium\selenium-api\2.53.1\selenium-api-2.53.1.jar;C:\Users\m.yousaf\.m2\repository\org\apache\httpcomponents\httpclient\4.5.1\httpclient-4.5.1.jar;C:\Users\m.yousaf\.m2\repository\org\apache\httpcomponents\httpcore\4.4.3\httpcore-4.4.3.jar;C:\Users\m.yousaf\.m2\repository\org\seleniumhq\selenium\selenium-edge-driver\2.53.1\selenium-edge-driver-2.53.1.jar;C:\Users\m.yousaf\.m2\repository\commons-io\commons-io\2.4\commons-io-2.4.jar;C:\Users\m.yousaf\.m2\repository\org\apache\commons\commons-exec\1.3\commons-exec-1.3.jar;C:\Users\m.yousaf\.m2\repository\org\seleniumhq\selenium\htmlunit-driver\2.21\htmlunit-driver-2.21.jar;C:\Users\m.yousaf\.m2\repository\net\sourceforge\htmlunit\htmlunit\2.21\htmlunit-2.21.jar;C:\Users\m.yousaf\.m2\repository\xalan\xalan\2.7.2\xalan-2.7.2.jar;C:\Users\m.yousaf\.m2\repository\xalan\serializer\2.7.2\serializer-2.7.2.jar;C:\Users\m.yousaf\.m2\repository\org\apache\commons\commons-lang3\3.4\commons-lang3-3.4.jar;C:\Users\m.yousaf\.m2\repository\org\apache\httpcomponents\httpmime\4.5.2\httpmime-4.5.2.jar;C:\Users\m.yousaf\.m2\repository\commons-codec\commons-codec\1.10\commons-codec-1.10.jar;C:\Users\m.yousaf\.m2\repository\net\sourceforge\htmlunit\htmlunit-core-js\2.17\htmlunit-core-js-2.17.jar;C:\Users\m.yousaf\.m2\repository\net\sourceforge\htmlunit\neko-htmlunit\2.21\neko-htmlunit-2.21.jar;C:\Users\m.yousaf\.m2\repository\xerces\xercesImpl\2.11.0\xercesImpl-2.11.0.jar;C:\Users\m.yousaf\.m2\repository\xml-apis\xml-apis\1.4.01\xml-apis-1.4.01.jar;C:\Users\m.yousaf\.m2\repository\net\sourceforge\cssparser\cssparser\0.9.18\cssparser-0.9.18.jar;C:\Users\m.yousaf\.m2\repository\org\w3c\css\sac\1.3\sac-1.3.jar;C:\Users\m.yousaf\.m2\repository\org\eclipse\jetty\websocket\websocket-client\9.2.15.v20160210\websocket-client-9.2.15.v20160210.jar;C:\Users\m.yousaf\.m2\repository\org\eclipse\jetty\jetty-util\9.2.15.v20160210\jetty-util-9.2.15.v20160210.jar;C:\Users\m.yousaf\.m2\repository\org\eclipse\jetty\jetty-io\9.2.15.v20160210\jetty-io-9.2.15.v20160210.jar;C:\Users\m.yousaf\.m2\repository\org\eclipse\jetty\websocket\websocket-common\9.2.15.v20160210\websocket-common-9.2.15.v20160210.jar;C:\Users\m.yousaf\.m2\repository\org\eclipse\jetty\websocket\websocket-api\9.2.15.v20160210\websocket-api-9.2.15.v20160210.jar;C:\Users\m.yousaf\.m2\repository\commons-collections\commons-collections\3.2.2\commons-collections-3.2.2.jar;C:\Users\m.yousaf\.m2\repository\org\seleniumhq\selenium\selenium-firefox-driver\2.53.1\selenium-firefox-driver-2.53.1.jar;C:\Users\m.yousaf\.m2\repository\org\seleniumhq\selenium\selenium-ie-driver\2.53.1\selenium-ie-driver-2.53.1.jar;C:\Users\m.yousaf\.m2\repository\net\java\dev\jna\jna\4.1.0\jna-4.1.0.jar;C:\Users\m.yousaf\.m2\repository\net\java\dev\jna\jna-platform\4.1.0\jna-platform-4.1.0.jar;C:\Users\m.yousaf\.m2\repository\org\seleniumhq\selenium\selenium-safari-driver\2.53.1\selenium-safari-driver-2.53.1.jar;C:\Users\m.yousaf\.m2\repository\io\netty\netty\3.5.7.Final\netty-3.5.7.Final.jar;C:\Users\m.yousaf\.m2\repository\org\seleniumhq\selenium\selenium-support\2.53.1\selenium-support-2.53.1.jar;C:\Users\m.yousaf\.m2\repository\org\seleniumhq\selenium\selenium-leg-rc\2.53.1\selenium-leg-rc-2.53.1.jar;C:\Users\m.yousaf\.m2\repository\com\relevantcodes\extentreports\2.41.2\extentreports-2.41.2.jar;C:\Users\m.yousaf\.m2\repository\org\jsoup\jsoup\1.8.3\jsoup-1.8.3.jar;C:\Users\m.yousaf\.m2\repository\org\xerial\sqlite-jdbc\3.8.11.1\sqlite-jdbc-3.8.11.1.jar;C:\Users\m.yousaf\.m2\repository\org\freemarker\freemarker\2.3.23\freemarker-2.3.23.jar;C:\Users\m.yousaf\.m2\repository\org\mongodb\mongodb-driver\3.0.4\mongodb-driver-3.0.4.jar;C:\Users\m.yousaf\.m2\repository\org\mongodb\bson\3.0.4\bson-3.0.4.jar;C:\Users\m.yousaf\.m2\repository\org\mongodb\mongodb-driver-core\3.0.4\mongodb-driver-core-3.0.4.jar;C:\Users\m.yousaf\.m2\repository\org\uncommons\reportng\1.1.4\reportng-1.1.4.jar;C:\Users\m.yousaf\.m2\repository\velocity\velocity\1.4\velocity-1.4.jar;C:\Users\m.yousaf\.m2\repository\velocity\velocity-dep\1.4\velocity-dep-1.4.jar;C:\Users\m.yousaf\.m2\repository\com\google\inject\guice\4.1.0\guice-4.1.0.jar;C:\Users\m.yousaf\.m2\repository\javax\inject\javax.inject\1\javax.inject-1.jar;C:\Users\m.yousaf\.m2\repository\aopalliance\aopalliance\1.0\aopalliance-1.0.jar;C:\Users\m.yousaf\.m2\repository\com\google\guava\guava\19.0\guava-19.0.jar;C:\Users\m.yousaf\.m2\repository\log4j\log4j\1.2.17\log4j-1.2.17.jar;C:\Users\m.yousaf\.m2\repository\javax\mail\mail\1.4.7\mail-1.4.7.jar;C:\Users\m.yousaf\.m2\repository\javax\activation\activation\1.1\activation-1.1.jar;C:\Users\m.yousaf\.m2\repository\mysql\mysql-connector-java\6.0.5\mysql-connector-java-6.0.5.jar;C:\Users\m.yousaf\.m2\repository\org\apache\poi\poi\3.6\poi-3.6.jar;C:\Users\m.yousaf\.m2\repository\commons-logging\commons-logging\1.1\commons-logging-1.1.jar;C:\Users\m.yousaf\.m2\repository\logkit\logkit\1.0.1\logkit-1.0.1.jar;C:\Users\m.yousaf\.m2\repository\avalon-framework\avalon-framework\4.1.3\avalon-framework-4.1.3.jar;C:\Users\m.yousaf\.m2\repository\javax\servlet\servlet-api\2.3\servlet-api-2.3.jar;C:\Users\m.yousaf\.m2\repository\org\apache\poi\poi-ooxml\3.6\poi-ooxml-3.6.jar;C:\Users\m.yousaf\.m2\repository\dom4j\dom4j\1.1\dom4j-1.1.jar;C:\Users\m.yousaf\.m2\repository\org\apache\xmlbeans\xmlbeans\2.3.0\xmlbeans-2.3.0.jar;C:\Users\m.yousaf\.m2\repository\stax\stax-api\1.0.1\stax-api-1.0.1.jar;C:\Users\m.yousaf\.m2\repository\org\apache\poi\poi-ooxml-schemas\3.6\poi-ooxml-schemas-3.6.jar;C:\Users\m.yousaf\.m2\repository\org\apache\geronimo\specs\geronimo-stax-api_1.0_spec\1.0\geronimo-stax-api_1.0_spec-1.0.jar;"/>
    <property name="java.vm.vendor" value="Oracle Corporation"/>
    <property name="sun.arch.data.model" value="64"/>
    <property name="user.variant" value=""/>
    <property name="java.vendor.url" value="https://java.oracle.com/"/>
    <property name="user.timezone" value="Africa/Cairo"/>
    <property name="os.name" value="Windows 10"/>
    <property name="java.vm.specification.version" value="13"/>
    <property name="sun.java.launcher" value="SUN_STANDARD"/>
    <property name="user.country" value="US"/>
    <property name="sun.boot.library.path" value="C:\Program Files\Java\jdk-13.0.1\bin"/>
    <property name="sun.java.command" value="C:\Users\M7977~1.YOU\AppData\Local\Temp\surefire1265357488642488817\surefirebooter4728426359183533546.jar C:\Users\m.yousaf\AppData\Local\Temp\surefire1265357488642488817 2020-02-17T12-22-06_357-jvmRun1 surefire4058545985658697732tmp surefire_013670023272225881618tmp"/>
    <property name="jdk.debug" value="release"/>
    <property name="surefire.test.class.path" value="C:\Users\m.yousaf\eclipse-workspace\DataDrivenFramework\target\test-classes;C:\Users\m.yousaf\eclipse-workspace\DataDrivenFramework\target\classes;C:\Users\m.yousaf\.m2\repository\org\testng\testng\7.1.0\testng-7.1.0.jar;C:\Users\m.yousaf\.m2\repository\com\beust\jcommander\1.72\jcommander-1.72.jar;C:\Users\m.yousaf\.m2\repository\com\google\inject\guice\4.1.0\guice-4.1.0-no_aop.jar;C:\Users\m.yousaf\.m2\repository\org\yaml\snakeyaml\1.21\snakeyaml-1.21.jar;C:\Users\m.yousaf\.m2\repository\org\seleniumhq\selenium\selenium-java\2.53.1\selenium-java-2.53.1.jar;C:\Users\m.yousaf\.m2\repository\org\seleniumhq\selenium\selenium-chrome-driver\2.53.1\selenium-chrome-driver-2.53.1.jar;C:\Users\m.yousaf\.m2\repository\org\seleniumhq\selenium\selenium-remote-driver\2.53.1\selenium-remote-driver-2.53.1.jar;C:\Users\m.yousaf\.m2\repository\cglib\cglib-nodep\2.1_3\cglib-nodep-2.1_3.jar;C:\Users\m.yousaf\.m2\repository\com\google\code\gson\gson\2.3.1\gson-2.3.1.jar;C:\Users\m.yousaf\.m2\repository\org\seleniumhq\selenium\selenium-api\2.53.1\selenium-api-2.53.1.jar;C:\Users\m.yousaf\.m2\repository\org\apache\httpcomponents\httpclient\4.5.1\httpclient-4.5.1.jar;C:\Users\m.yousaf\.m2\repository\org\apache\httpcomponents\httpcore\4.4.3\httpcore-4.4.3.jar;C:\Users\m.yousaf\.m2\repository\org\seleniumhq\selenium\selenium-edge-driver\2.53.1\selenium-edge-driver-2.53.1.jar;C:\Users\m.yousaf\.m2\repository\commons-io\commons-io\2.4\commons-io-2.4.jar;C:\Users\m.yousaf\.m2\repository\org\apache\commons\commons-exec\1.3\commons-exec-1.3.jar;C:\Users\m.yousaf\.m2\repository\org\seleniumhq\selenium\htmlunit-driver\2.21\htmlunit-driver-2.21.jar;C:\Users\m.yousaf\.m2\repository\net\sourceforge\htmlunit\htmlunit\2.21\htmlunit-2.21.jar;C:\Users\m.yousaf\.m2\repository\xalan\xalan\2.7.2\xalan-2.7.2.jar;C:\Users\m.yousaf\.m2\repository\xalan\serializer\2.7.2\serializer-2.7.2.jar;C:\Users\m.yousaf\.m2\repository\org\apache\commons\commons-lang3\3.4\commons-lang3-3.4.jar;C:\Users\m.yousaf\.m2\repository\org\apache\httpcomponents\httpmime\4.5.2\httpmime-4.5.2.jar;C:\Users\m.yousaf\.m2\repository\commons-codec\commons-codec\1.10\commons-codec-1.10.jar;C:\Users\m.yousaf\.m2\repository\net\sourceforge\htmlunit\htmlunit-core-js\2.17\htmlunit-core-js-2.17.jar;C:\Users\m.yousaf\.m2\repository\net\sourceforge\htmlunit\neko-htmlunit\2.21\neko-htmlunit-2.21.jar;C:\Users\m.yousaf\.m2\repository\xerces\xercesImpl\2.11.0\xercesImpl-2.11.0.jar;C:\Users\m.yousaf\.m2\repository\xml-apis\xml-apis\1.4.01\xml-apis-1.4.01.jar;C:\Users\m.yousaf\.m2\repository\net\sourceforge\cssparser\cssparser\0.9.18\cssparser-0.9.18.jar;C:\Users\m.yousaf\.m2\repository\org\w3c\css\sac\1.3\sac-1.3.jar;C:\Users\m.yousaf\.m2\repository\org\eclipse\jetty\websocket\websocket-client\9.2.15.v20160210\websocket-client-9.2.15.v20160210.jar;C:\Users\m.yousaf\.m2\repository\org\eclipse\jetty\jetty-util\9.2.15.v20160210\jetty-util-9.2.15.v20160210.jar;C:\Users\m.yousaf\.m2\repository\org\eclipse\jetty\jetty-io\9.2.15.v20160210\jetty-io-9.2.15.v20160210.jar;C:\Users\m.yousaf\.m2\repository\org\eclipse\jetty\websocket\websocket-common\9.2.15.v20160210\websocket-common-9.2.15.v20160210.jar;C:\Users\m.yousaf\.m2\repository\org\eclipse\jetty\websocket\websocket-api\9.2.15.v20160210\websocket-api-9.2.15.v20160210.jar;C:\Users\m.yousaf\.m2\repository\commons-collections\commons-collections\3.2.2\commons-collections-3.2.2.jar;C:\Users\m.yousaf\.m2\repository\org\seleniumhq\selenium\selenium-firefox-driver\2.53.1\selenium-firefox-driver-2.53.1.jar;C:\Users\m.yousaf\.m2\repository\org\seleniumhq\selenium\selenium-ie-driver\2.53.1\selenium-ie-driver-2.53.1.jar;C:\Users\m.yousaf\.m2\repository\net\java\dev\jna\jna\4.1.0\jna-4.1.0.jar;C:\Users\m.yousaf\.m2\repository\net\java\dev\jna\jna-platform\4.1.0\jna-platform-4.1.0.jar;C:\Users\m.yousaf\.m2\repository\org\seleniumhq\selenium\selenium-safari-driver\2.53.1\selenium-safari-driver-2.53.1.jar;C:\Users\m.yousaf\.m2\repository\io\netty\netty\3.5.7.Final\netty-3.5.7.Final.jar;C:\Users\m.yousaf\.m2\repository\org\seleniumhq\selenium\selenium-support\2.53.1\selenium-support-2.53.1.jar;C:\Users\m.yousaf\.m2\repository\org\seleniumhq\selenium\selenium-leg-rc\2.53.1\selenium-leg-rc-2.53.1.jar;C:\Users\m.yousaf\.m2\repository\com\relevantcodes\extentreports\2.41.2\extentreports-2.41.2.jar;C:\Users\m.yousaf\.m2\repository\org\jsoup\jsoup\1.8.3\jsoup-1.8.3.jar;C:\Users\m.yousaf\.m2\repository\org\xerial\sqlite-jdbc\3.8.11.1\sqlite-jdbc-3.8.11.1.jar;C:\Users\m.yousaf\.m2\repository\org\freemarker\freemarker\2.3.23\freemarker-2.3.23.jar;C:\Users\m.yousaf\.m2\repository\org\mongodb\mongodb-driver\3.0.4\mongodb-driver-3.0.4.jar;C:\Users\m.yousaf\.m2\repository\org\mongodb\bson\3.0.4\bson-3.0.4.jar;C:\Users\m.yousaf\.m2\repository\org\mongodb\mongodb-driver-core\3.0.4\mongodb-driver-core-3.0.4.jar;C:\Users\m.yousaf\.m2\repository\org\uncommons\reportng\1.1.4\reportng-1.1.4.jar;C:\Users\m.yousaf\.m2\repository\velocity\velocity\1.4\velocity-1.4.jar;C:\Users\m.yousaf\.m2\repository\velocity\velocity-dep\1.4\velocity-dep-1.4.jar;C:\Users\m.yousaf\.m2\repository\com\google\inject\guice\4.1.0\guice-4.1.0.jar;C:\Users\m.yousaf\.m2\repository\javax\inject\javax.inject\1\javax.inject-1.jar;C:\Users\m.yousaf\.m2\repository\aopalliance\aopalliance\1.0\aopalliance-1.0.jar;C:\Users\m.yousaf\.m2\repository\com\google\guava\guava\19.0\guava-19.0.jar;C:\Users\m.yousaf\.m2\repository\log4j\log4j\1.2.17\log4j-1.2.17.jar;C:\Users\m.yousaf\.m2\repository\javax\mail\mail\1.4.7\mail-1.4.7.jar;C:\Users\m.yousaf\.m2\repository\javax\activation\activation\1.1\activation-1.1.jar;C:\Users\m.yousaf\.m2\repository\mysql\mysql-connector-java\6.0.5\mysql-connector-java-6.0.5.jar;C:\Users\m.yousaf\.m2\repository\org\apache\poi\poi\3.6\poi-3.6.jar;C:\Users\m.yousaf\.m2\repository\commons-logging\commons-logging\1.1\commons-logging-1.1.jar;C:\Users\m.yousaf\.m2\repository\logkit\logkit\1.0.1\logkit-1.0.1.jar;C:\Users\m.yousaf\.m2\repository\avalon-framework\avalon-framework\4.1.3\avalon-framework-4.1.3.jar;C:\Users\m.yousaf\.m2\repository\javax\servlet\servlet-api\2.3\servlet-api-2.3.jar;C:\Users\m.yousaf\.m2\repository\org\apache\poi\poi-ooxml\3.6\poi-ooxml-3.6.jar;C:\Users\m.yousaf\.m2\repository\dom4j\dom4j\1.1\dom4j-1.1.jar;C:\Users\m.yousaf\.m2\repository\org\apache\xmlbeans\xmlbeans\2.3.0\xmlbeans-2.3.0.jar;C:\Users\m.yousaf\.m2\repository\stax\stax-api\1.0.1\stax-api-1.0.1.jar;C:\Users\m.yousaf\.m2\repository\org\apache\poi\poi-ooxml-schemas\3.6\poi-ooxml-schemas-3.6.jar;C:\Users\m.yousaf\.m2\repository\org\apache\geronimo\specs\geronimo-stax-api_1.0_spec\1.0\geronimo-stax-api_1.0_spec-1.0.jar;"/>
    <property name="sun.cpu.endian" value="little"/>
    <property name="user.home" value="C:\Users\m.yousaf"/>
    <property name="user.language" value="en"/>
    <property name="java.specification.vendor" value="Oracle Corporation"/>
    <property name="java.version.date" value="2019-10-15"/>
    <property name="java.home" value="C:\Program Files\Java\jdk-13.0.1"/>
    <property name="file.separator" value="\"/>
    <property name="basedir" value="C:\Users\m.yousaf\eclipse-workspace\DataDrivenFramework"/>
    <property name="java.vm.compressedOopsMode" value="32-bit"/>
    <property name="line.separator" value="&#10;"/>
    <property name="java.vm.specification.vendor" value="Oracle Corporation"/>
    <property name="java.specification.name" value="Java Platform API Specification"/>
    <property name="surefire.real.class.path" value="C:\Users\M7977~1.YOU\AppData\Local\Temp\surefire1265357488642488817\surefirebooter4728426359183533546.jar"/>
    <property name="user.script" value=""/>
    <property name="sun.management.compiler" value="HotSpot 64-Bit Tiered Compilers"/>
    <property name="java.runtime.version" value="13.0.1+9"/>
    <property name="user.name" value="m.yousaf"/>
    <property name="path.separator" value=";"/>
    <property name="os.version" value="10.0"/>
    <property name="java.runtime.name" value="Java(TM) SE Runtime Environment"/>
    <property name="file.encoding" value="Cp1252"/>
    <property name="java.vm.name" value="Java HotSpot(TM) 64-Bit Server VM"/>
    <property name="localRepository" value="C:\Users\m.yousaf\.m2\repository"/>
    <property name="java.vendor.url.bug" value="https://bugreport.java.com/bugreport/"/>
    <property name="java.io.tmpdir" value="C:\Users\M7977~1.YOU\AppData\Local\Temp\"/>
    <property name="java.version" value="13.0.1"/>
    <property name="user.dir" value="C:\Users\m.yousaf\eclipse-workspace\DataDrivenFramework"/>
    <property name="os.arch" value="amd64"/>
    <property name="java.vm.specification.name" value="Java Virtual Machine Specification"/>
    <property name="sun.os.patch.level" value=""/>
    <property name="java.library.path" value="C:\Program Files\Java\jdk-13.0.1\bin;C:\WINDOWS\Sun\Java\bin;C:\WINDOWS\system32;C:\WINDOWS;C:/Program Files/Java/jdk-13.0.1/bin/server;C:/Program Files/Java/jdk-13.0.1/bin;C:\Program Files\Microsoft MPI\Bin\;C:\Program Files\Java\jdk-13.0.1\bin;C:\WINDOWS\system32;C:\WINDOWS;C:\WINDOWS\System32\Wbem;C:\WINDOWS\System32\WindowsPowerShell\v1.0\;C:\WINDOWS\System32\OpenSSH\;C:\Program Files (x86)\Microsoft SQL Server\Client SDK\ODBC\130\Tools\Binn\;C:\Program Files (x86)\Microsoft SQL Server\140\Tools\Binn\;C:\Program Files (x86)\Microsoft SQL Server\140\DTS\Binn\;C:\Program Files (x86)\Microsoft SQL Server\140\Tools\Binn\ManagementStudio\;C:\Program Files\Microsoft SQL Server\130\Tools\Binn\;C:\Program Files\dotnet\;C:\Program Files\Git\cmd;C:\Program Files (x86)\Windows Kits\10\Windows Performance Toolkit\;C:\Users\m.yousaf\AppData\Local\Android\Sdk\tools;C:\Users\m.yousaf\AppData\Local\Android\Sdk\platform-tools;C:\Program Files\nodejs\;C:\Program Files\Microsoft SQL Server\140\Tools\Binn\;C:\Program Files\Microsoft SQL Server\140\DTS\Binn\;C:\Program Files\Microsoft SQL Server\Client SDK\ODBC\130\Tools\Binn\;C:\Users\m.yousaf\AppData\Local\Microsoft\WindowsApps;C:\Users\m.yousaf\AppData\Local\GitHubDesktop\bin;C:\Users\m.yousaf\AppData\Roaming\npm;C:\Users\m.yousaf\Desktop;;."/>
    <property name="java.vm.info" value="mixed mode, sharing"/>
    <property name="java.vendor" value="Oracle Corporation"/>
    <property name="java.vm.version" value="13.0.1+9"/>
    <property name="sun.io.unicode.encoding" value="UnicodeLittle"/>
    <property name="java.class.version" value="57.0"/>
  </properties>
  <testcase name="loginBankManager" classname="com.w2a.testcases.BankManagerLoginTest" time="1.866">
    <failure message="Test Failed Intentially" type="java.lang.AssertionError">java.lang.AssertionError: Test Failed Intentially
	at com.w2a.testcases.BankManagerLoginTest.loginBankManager(BankManagerLoginTest.java:27)
</failure>
    <system-err><![CDATA[Starting ChromeDriver 79.0.3945.36 (3582db32b33893869b8c1339e8f4d9ed1816f143-refs/branch-heads/3945@{#614}) on port 22505
Only local connections are allowed.
Please protect ports used by ChromeDriver and related test frameworks to prevent access by malicious code.
[1581934935.284][WARNING]: This version of ChromeDriver has not been tested with Chrome version 80.
[1581934937.288][WARNING]: Timed out connecting to Chrome, retrying...
[1581934950.552][WARNING]: Timed out connecting to Chrome, retrying...
]]></system-err>
  </testcase>
  <testcase name="AddCustomerTest" classname="com.w2a.testcases.AddCustomerTest" time="3.536">
    <failure message=" Test Failed Intentially " type="java.lang.AssertionError">java.lang.AssertionError:  Test Failed Intentially 
	at com.w2a.testcases.AddCustomerTest.AddCustomerTest(AddCustomerTest.java:32)
</failure>
  </testcase>
</testsuite>