<?xml version="1.0" encoding="UTF-8"?>
<!-- Generated by org.testng.reporters.JUnitReportReporter -->
<testsuite hostname="QA-01" failures="0" tests="4" name="com.w2a.testcases.AddCustomerTest" time="13.175" errors="0" timestamp="2020-02-17T15:06:55 EET" skipped="0">
  <testcase classname="com.w2a.testcases.AddCustomerTest" name="AddCustomerTest" time="3.196"/>
  <system-out/>
  <testcase classname="com.w2a.testcases.AddCustomerTest" name="AddCustomerTest" time="3.187"/>
  <system-out/>
  <testcase classname="com.w2a.testcases.AddCustomerTest" name="AddCustomerTest" time="3.574"/>
  <system-out/>
  <testcase classname="com.w2a.testcases.AddCustomerTest" name="AddCustomerTest" time="3.218"/>
  <system-out/>
</testsuite> <!-- com.w2a.testcases.AddCustomerTest -->
