<?xml version="1.0" encoding="UTF-8"?>
<!-- Generated by org.testng.reporters.JUnitReportReporter -->
<testsuite hostname="QA-01" failures="0" tests="4" name="com.w2a.testcases.AddCustomerTest" time="13.098" errors="0" timestamp="2020-02-18T12:39:54 EET" skipped="0">
  <testcase classname="com.w2a.testcases.AddCustomerTest" name="addCustomerTest" time="3.496"/>
  <system-out/>
  <testcase classname="com.w2a.testcases.AddCustomerTest" name="addCustomerTest" time="3.210"/>
  <system-out/>
  <testcase classname="com.w2a.testcases.AddCustomerTest" name="addCustomerTest" time="3.203"/>
  <system-out/>
  <testcase classname="com.w2a.testcases.AddCustomerTest" name="addCustomerTest" time="3.189"/>
  <system-out/>
</testsuite> <!-- com.w2a.testcases.AddCustomerTest -->
