<?xml version="1.0" encoding="UTF-8"?>
<!-- Generated by org.testng.reporters.JUnitReportReporter -->
<testsuite hostname="QA-01" failures="0" tests="1" name="com.w2a.testcases.OpenAccountTest" time="4.755" errors="0" timestamp="2020-02-26T11:36:07 EET" skipped="0">
  <testcase classname="com.w2a.testcases.OpenAccountTest" name="openAccountTest" time="4.755"/>
  <system-out/>
</testsuite> <!-- com.w2a.testcases.OpenAccountTest -->
