<?xml version="1.0" encoding="UTF-8"?>
<!-- Generated by org.testng.reporters.JUnitReportReporter -->
<testsuite hostname="QA-01" failures="0" tests="1" name="com.w2a.testcases.BankManagerLoginTest" time="4.096" errors="0" timestamp="2020-02-17T17:23:25 EET" skipped="0">
  <testcase classname="com.w2a.testcases.BankManagerLoginTest" name="bankManagerLoginTest" time="4.096"/>
  <system-out>
Login Succeded TestNG <a target="_blank" href="C:\Users\m.yousaf\Pictures\2019-12-15_1650.png">Screenshot</a> <br> <a target="_blank" href="C:\Users\m.yousaf\Pictures\2019-12-15_1650.png"><img src="C:\Users\m.yousaf\Pictures\2019-12-15_1650.png" height=200 width=200></img></a>  </system-out>
</testsuite> <!-- com.w2a.testcases.BankManagerLoginTest -->
