<?xml version="1.0" encoding="UTF-8"?>
<!-- Generated by org.testng.reporters.JUnitReportReporter -->
<testsuite hostname="QA-01" failures="0" tests="1" name="parallel.GridTest" time="21.513" errors="0" timestamp="2020-03-04T15:28:43 EET" skipped="0">
  <testcase classname="parallel.GridTest" name="googleTest" time="21.513"/>
</testsuite> <!-- parallel.GridTest -->
